<?xml version="1.0" encoding="UTF-8"?>
<testsuite name="StudentTest" tests="4" skipped="0" failures="0" errors="0" timestamp="2021-11-05T12:48:46" hostname="BLACKORCHUS" time="0.105">
  <properties/>
  <testcase name="test_username()" classname="StudentTest" time="0.073"/>
  <testcase name="test_CrseProgramme()" classname="StudentTest" time="0.029"/>
  <testcase name="test_Students()" classname="StudentTest" time="0.001"/>
  <testcase name="test_Modules()" classname="StudentTest" time="0.001"/>
  <system-out><![CDATA[]]></system-out>
  <system-err><![CDATA[]]></system-err>
</testsuite>
